[35m[Appium][39m Welcome to Appium v1.22.3
[35m[Appium][39m Non-default server args:
[35m[Appium][39m   port: 50218
[35m[Appium][39m   loglevel: info
[35m[Appium][39m   tmpDir: C:\Users\AIDA\AppData\Local\Temp\\Katalon\Appium\Temp1671269342674
[35m[Appium][39m   chromedriverPort: 50219
[35m[Appium][39m Deprecated server args:
[35m[Appium][39m   [31m--chromedriver-port[39m => --default-capabilities
[35m[Appium][39m Default capabilities, which will be added to each request unless overridden by desired capabilities:
[35m[Appium][39m   chromedriverPort: 50219
[35m[Appium][39m Appium REST http interface listener started on 0.0.0.0:50218
[35m[HTTP][39m [37m-->[39m [37mGET[39m [37m/wd/hub/status[39m
[35m[HTTP][39m [90m{}[39m
[35m[HTTP][39m [37m<-- GET /wd/hub/status [39m[32m200[39m [90m11 ms - 68[39m
[35m[HTTP][39m [90m[39m
[35m[HTTP][39m [37m-->[39m [37mGET[39m [37m/wd/hub/status[39m
[35m[HTTP][39m [90m{}[39m
[35m[HTTP][39m [37m<-- GET /wd/hub/status [39m[32m200[39m [90m1 ms - 68[39m
[35m[HTTP][39m [90m[39m
[35m[HTTP][39m [37m-->[39m [37mPOST[39m [37m/wd/hub/session[39m
[35m[HTTP][39m [90m{"desiredCapabilities":{"appActivity":".Settings","appPackage":"com.android.settings","newCommandTimeout":1800,"platformVersion":"8.1.0","automationName":"uiautomator2","autoGrantPermissions":true,"platformName":"Android","udid":"3300e666d756148d","deviceName":"samsung SM-G610F (Android 8.1.0)","platform":"ANDROID","systemPort":8238},"capabilities":{"firstMatch":[{"appium:appActivity":".Settings","appium:appPackage":"com.android.settings","appium:autoGrantPermissions":true,"appium:automationName":"uiautomator2","appium:deviceName":"samsung SM-G610F (Android 8.1.0)","appium:newCommandTimeout":1800,"platform":"ANDROID","platformName":"android","appium:platformVersion":"8.1.0","appium:systemPort":8238,"appium:udid":"3300e666d756148d"}]}}[39m
[35m[BaseDriver][39m The following capabilities are not standard capabilities and should have an extension prefix:
[35m[BaseDriver][39m   platform
[35m[BaseDriver][39m   chromedriverPort
[35m[Appium][39m Appium v1.22.3 creating new AndroidUiautomator2Driver (v1.70.1) session
[35m[BaseDriver][39m The following capabilities were provided, but are not recognized by Appium:
[35m[BaseDriver][39m   platform
[35m[BaseDriver][39m Session created with session id: 33854138-ca93-442e-94bc-ca514ece396f
[35m[UiAutomator2][39m Starting 'com.android.settings' directly on the device
[35m[ADB][39m Found 3 'build-tools' folders under 'C:\Users\AIDA\AppData\Local\Android\Sdk' (newest first):
[35m[ADB][39m     C:/Users/AIDA/AppData/Local/Android/Sdk/build-tools/32.1.0-rc1
[35m[ADB][39m     C:/Users/AIDA/AppData/Local/Android/Sdk/build-tools/32.0.0
[35m[ADB][39m     C:/Users/AIDA/AppData/Local/Android/Sdk/build-tools/29.0.2
[35m[ADB][39m Using 'adb.exe' from 'C:\Users\AIDA\AppData\Local\Android\Sdk\platform-tools\adb.exe'
[35m[AndroidDriver][39m Retrieving device list
[35m[AndroidDriver][39m Using device: 3300e666d756148d
[35m[ADB][39m Using 'adb.exe' from 'C:\Users\AIDA\AppData\Local\Android\Sdk\platform-tools\adb.exe'
[35m[AndroidDriver][39m No app sent in, not parsing package/activity
[35m[ADB][39m Using 'apksigner.jar' from 'C:\Users\AIDA\AppData\Local\Android\Sdk\build-tools\32.1.0-rc1\lib\apksigner.jar'
[35m[ADB][39m 'C:\Users\AIDA\AppData\Roaming\npm\node_modules\appium\node_modules\appium-uiautomator2-server\apks\appium-uiautomator2-server-v4.27.0.apk' is signed with the default certificate
[35m[ADB][39m 'C:\Users\AIDA\AppData\Roaming\npm\node_modules\appium\node_modules\appium-uiautomator2-server\apks\appium-uiautomator2-server-debug-androidTest.apk' is signed with the default certificate
[35m[UiAutomator2][39m Server packages are not going to be (re)installed
[35m[ADB][39m Adding packages ["io.appium.settings","io.appium.uiautomator2.server","io.appium.uiautomator2.server.test"] to Doze whitelist
[35m[UiAutomator2][39m Starting UIAutomator2 server 4.27.0
[35m[UiAutomator2][39m Using UIAutomator2 server from 'C:\Users\AIDA\AppData\Roaming\npm\node_modules\appium\node_modules\appium-uiautomator2-server\apks\appium-uiautomator2-server-v4.27.0.apk' and test from 'C:\Users\AIDA\AppData\Roaming\npm\node_modules\appium\node_modules\appium-uiautomator2-server\apks\appium-uiautomator2-server-debug-androidTest.apk'
[35m[UiAutomator2][39m Waiting up to 30000ms for UiAutomator2 to be online...
[35m[WD Proxy][39m socket hang up
[35m[WD Proxy][39m socket hang up
[35m[WD Proxy][39m socket hang up
[35m[WD Proxy][39m socket hang up
[35m[WD Proxy][39m socket hang up
[35m[WD Proxy][39m Determined the downstream protocol as 'W3C'
[35m[AndroidDriver][39m Screen already unlocked, doing nothing
[35m[UiAutomator2][39m Starting 'com.android.settings/.Settings and waiting for 'com.android.settings/.Settings'
[35m[Appium][39m New AndroidUiautomator2Driver session created successfully, session 33854138-ca93-442e-94bc-ca514ece396f added to master session list
[35m[HTTP][39m [37m<-- POST /wd/hub/session [39m[32m200[39m [90m19637 ms - 1183[39m
[35m[HTTP][39m [90m[39m
[35m[HTTP][39m [37m-->[39m [37mGET[39m [37m/wd/hub/session/33854138-ca93-442e-94bc-ca514ece396f[39m
[35m[HTTP][39m [90m{}[39m
[35m[HTTP][39m [37m<-- GET /wd/hub/session/33854138-ca93-442e-94bc-ca514ece396f [39m[32m200[39m [90m27 ms - 1137[39m
[35m[HTTP][39m [90m[39m
[35m[HTTP][39m [37m-->[39m [37mGET[39m [37m/wd/hub/session/33854138-ca93-442e-94bc-ca514ece396f[39m
[35m[HTTP][39m [90m{}[39m
[35m[HTTP][39m [37m<-- GET /wd/hub/session/33854138-ca93-442e-94bc-ca514ece396f [39m[32m200[39m [90m23 ms - 1137[39m
[35m[HTTP][39m [90m[39m
[35m[HTTP][39m [37m-->[39m [37mGET[39m [37m/wd/hub/status[39m
[35m[HTTP][39m [90m{}[39m
[35m[HTTP][39m [37m<-- GET /wd/hub/status [39m[32m200[39m [90m1 ms - 68[39m
[35m[HTTP][39m [90m[39m
[35m[HTTP][39m [37m-->[39m [37mPOST[39m [37m/wd/hub/session/33854138-ca93-442e-94bc-ca514ece396f/timeouts[39m
[35m[HTTP][39m [90m{"implicit":60000}[39m
[35m[HTTP][39m [37m<-- POST /wd/hub/session/33854138-ca93-442e-94bc-ca514ece396f/timeouts [39m[32m200[39m [90m3 ms - 14[39m
[35m[HTTP][39m [90m[39m
[35m[HTTP][39m [37m-->[39m [37mGET[39m [37m/wd/hub/session/33854138-ca93-442e-94bc-ca514ece396f/screenshot[39m
[35m[HTTP][39m [90m{}[39m
[35m[HTTP][39m [37m<-- GET /wd/hub/session/33854138-ca93-442e-94bc-ca514ece396f/screenshot [39m[32m200[39m [90m1047 ms - 327054[39m
[35m[HTTP][39m [90m[39m
[35m[HTTP][39m [37m-->[39m [37mGET[39m [37m/wd/hub/session/33854138-ca93-442e-94bc-ca514ece396f/window/rect[39m
[35m[HTTP][39m [90m{}[39m
[35m[HTTP][39m [37m<-- GET /wd/hub/session/33854138-ca93-442e-94bc-ca514ece396f/window/rect [39m[32m200[39m [90m56 ms - 50[39m
[35m[HTTP][39m [90m[39m
[35m[HTTP][39m [37m-->[39m [37mGET[39m [37m/wd/hub/session/33854138-ca93-442e-94bc-ca514ece396f/appium/device/system_bars[39m
[35m[HTTP][39m [90m{}[39m
[35m[HTTP][39m [37m<-- GET /wd/hub/session/33854138-ca93-442e-94bc-ca514ece396f/appium/device/system_bars [39m[31m500[39m [90m160 ms - 645[39m
[35m[HTTP][39m [90m[39m
[35m[HTTP][39m [37m-->[39m [37mPOST[39m [37m/wd/hub/session/33854138-ca93-442e-94bc-ca514ece396f/execute/sync[39m
[35m[HTTP][39m [90m{"script":"mobile:viewportRect","args":[]}[39m
[35m[AndroidDriver][39m Executing native command 'mobile:viewportRect'
[35m[HTTP][39m [37m<-- POST /wd/hub/session/33854138-ca93-442e-94bc-ca514ece396f/execute/sync [39m[32m200[39m [90m55 ms - 56[39m
[35m[HTTP][39m [90m[39m
[35m[HTTP][39m [37m-->[39m [37mPOST[39m [37m/wd/hub/session/33854138-ca93-442e-94bc-ca514ece396f/appium/device/activate_app[39m
[35m[HTTP][39m [90m{"bundleId":"com.example.betterspace"}[39m
[35m[HTTP][39m [37m<-- POST /wd/hub/session/33854138-ca93-442e-94bc-ca514ece396f/appium/device/activate_app [39m[32m200[39m [90m1140 ms - 14[39m
[35m[HTTP][39m [90m[39m
[35m[HTTP][39m [37m-->[39m [37mGET[39m [37m/wd/hub/session/33854138-ca93-442e-94bc-ca514ece396f/source[39m
[35m[HTTP][39m [90m{}[39m
[35m[W3C (33854138)][39m Driver proxy active, passing request on via HTTP proxy
[35m[WD Proxy][39m Replacing sessionId e2624304-a84c-4886-82ad-b4351ad7d10c with 33854138-ca93-442e-94bc-ca514ece396f
[35m[HTTP][39m [37m<-- GET /wd/hub/session/33854138-ca93-442e-94bc-ca514ece396f/source [39m[32m200[39m [90m1233 ms - 7847[39m
[35m[HTTP][39m [90m[39m
[35m[HTTP][39m [37m-->[39m [37mGET[39m [37m/wd/hub/session/33854138-ca93-442e-94bc-ca514ece396f/screenshot[39m
[35m[HTTP][39m [90m{}[39m
[35m[HTTP][39m [37m<-- GET /wd/hub/session/33854138-ca93-442e-94bc-ca514ece396f/screenshot [39m[32m200[39m [90m1023 ms - 150060[39m
[35m[HTTP][39m [90m[39m
[35m[HTTP][39m [37m-->[39m [37mPOST[39m [37m/wd/hub/session/33854138-ca93-442e-94bc-ca514ece396f/elements[39m
[35m[HTTP][39m [90m{"using":"xpath","value":"//*[@class = 'android.widget.EditText' and (@text = 'Email' or . = 'Email') and @resource-id = '']"}[39m
[35m[HTTP][39m [37m<-- POST /wd/hub/session/33854138-ca93-442e-94bc-ca514ece396f/elements [39m[32m200[39m [90m1423 ms - 139[39m
[35m[HTTP][39m [90m[39m
[35m[HTTP][39m [37m-->[39m [37mGET[39m [37m/wd/hub/session/33854138-ca93-442e-94bc-ca514ece396f/window/rect[39m
[35m[HTTP][39m [90m{}[39m
[35m[HTTP][39m [37m<-- GET /wd/hub/session/33854138-ca93-442e-94bc-ca514ece396f/window/rect [39m[32m200[39m [90m26 ms - 50[39m
[35m[HTTP][39m [90m[39m
[35m[HTTP][39m [37m-->[39m [37mPOST[39m [37m/wd/hub/session/33854138-ca93-442e-94bc-ca514ece396f/elements[39m
[35m[HTTP][39m [90m{"using":"xpath","value":"//*[@class = 'android.widget.EditText' and (@text = 'Email' or . = 'Email') and @resource-id = '']"}[39m
[35m[HTTP][39m [37m<-- POST /wd/hub/session/33854138-ca93-442e-94bc-ca514ece396f/elements [39m[32m200[39m [90m391 ms - 139[39m
[35m[HTTP][39m [90m[39m
[35m[HTTP][39m [37m-->[39m [37mGET[39m [37m/wd/hub/session/33854138-ca93-442e-94bc-ca514ece396f/element/00000000-0000-0043-0000-017800000000/location[39m
[35m[HTTP][39m [90m{}[39m
[35m[W3C (33854138)][39m Driver proxy active, passing request on via HTTP proxy
[35m[WD Proxy][39m Replacing sessionId e2624304-a84c-4886-82ad-b4351ad7d10c with 33854138-ca93-442e-94bc-ca514ece396f
[35m[HTTP][39m [37m<-- GET /wd/hub/session/33854138-ca93-442e-94bc-ca514ece396f/element/00000000-0000-0043-0000-017800000000/location [39m[32m200[39m [90m38 ms - 77[39m
[35m[HTTP][39m [90m[39m
[35m[HTTP][39m [37m-->[39m [37mPOST[39m [37m/wd/hub/session/33854138-ca93-442e-94bc-ca514ece396f/element/00000000-0000-0043-0000-017800000000/click[39m
[35m[HTTP][39m [90m{"id":"00000000-0000-0043-0000-017800000000"}[39m
[35m[HTTP][39m [37m<-- POST /wd/hub/session/33854138-ca93-442e-94bc-ca514ece396f/element/00000000-0000-0043-0000-017800000000/click [39m[32m200[39m [90m77 ms - 14[39m
[35m[HTTP][39m [90m[39m
[35m[HTTP][39m [37m-->[39m [37mGET[39m [37m/wd/hub/session/33854138-ca93-442e-94bc-ca514ece396f/source[39m
[35m[HTTP][39m [90m{}[39m
[35m[W3C (33854138)][39m Driver proxy active, passing request on via HTTP proxy
[35m[WD Proxy][39m Replacing sessionId e2624304-a84c-4886-82ad-b4351ad7d10c with 33854138-ca93-442e-94bc-ca514ece396f
[35m[HTTP][39m [37m<-- GET /wd/hub/session/33854138-ca93-442e-94bc-ca514ece396f/source [39m[32m200[39m [90m511 ms - 6574[39m
[35m[HTTP][39m [90m[39m
[35m[HTTP][39m [37m-->[39m [37mGET[39m [37m/wd/hub/session/33854138-ca93-442e-94bc-ca514ece396f/screenshot[39m
[35m[HTTP][39m [90m{}[39m
[35m[HTTP][39m [37m<-- GET /wd/hub/session/33854138-ca93-442e-94bc-ca514ece396f/screenshot [39m[32m200[39m [90m1008 ms - 236908[39m
[35m[HTTP][39m [90m[39m
[35m[HTTP][39m [37m-->[39m [37mPOST[39m [37m/wd/hub/session/33854138-ca93-442e-94bc-ca514ece396f/elements[39m
[35m[HTTP][39m [90m{"using":"xpath","value":"//*[@class = 'android.widget.EditText' and (@text = 'Email\nexample@gmail.com' or . = 'Email\nexample@gmail.com') and @resource-id = '']"}[39m
[35m[HTTP][39m [37m<-- POST /wd/hub/session/33854138-ca93-442e-94bc-ca514ece396f/elements [39m[32m200[39m [90m348 ms - 139[39m
[35m[HTTP][39m [90m[39m
[35m[HTTP][39m [37m-->[39m [37mGET[39m [37m/wd/hub/session/33854138-ca93-442e-94bc-ca514ece396f/window/rect[39m
[35m[HTTP][39m [90m{}[39m
[35m[HTTP][39m [37m<-- GET /wd/hub/session/33854138-ca93-442e-94bc-ca514ece396f/window/rect [39m[32m200[39m [90m56 ms - 50[39m
[35m[HTTP][39m [90m[39m
[35m[HTTP][39m [37m-->[39m [37mPOST[39m [37m/wd/hub/session/33854138-ca93-442e-94bc-ca514ece396f/elements[39m
[35m[HTTP][39m [90m{"using":"xpath","value":"//*[@class = 'android.widget.EditText' and (@text = 'Email\nexample@gmail.com' or . = 'Email\nexample@gmail.com') and @resource-id = '']"}[39m
[35m[HTTP][39m [37m<-- POST /wd/hub/session/33854138-ca93-442e-94bc-ca514ece396f/elements [39m[32m200[39m [90m298 ms - 139[39m
[35m[HTTP][39m [90m[39m
[35m[HTTP][39m [37m-->[39m [37mGET[39m [37m/wd/hub/session/33854138-ca93-442e-94bc-ca514ece396f/element/00000000-0000-0043-0000-017800000000/location[39m
[35m[HTTP][39m [90m{}[39m
[35m[W3C (33854138)][39m Driver proxy active, passing request on via HTTP proxy
[35m[WD Proxy][39m Replacing sessionId e2624304-a84c-4886-82ad-b4351ad7d10c with 33854138-ca93-442e-94bc-ca514ece396f
[35m[HTTP][39m [37m<-- GET /wd/hub/session/33854138-ca93-442e-94bc-ca514ece396f/element/00000000-0000-0043-0000-017800000000/location [39m[32m200[39m [90m31 ms - 77[39m
[35m[HTTP][39m [90m[39m
[35m[HTTP][39m [37m-->[39m [37mPOST[39m [37m/wd/hub/session/33854138-ca93-442e-94bc-ca514ece396f/element/00000000-0000-0043-0000-017800000000/clear[39m
[35m[HTTP][39m [90m{"id":"00000000-0000-0043-0000-017800000000"}[39m
[35m[HTTP][39m [37m<-- POST /wd/hub/session/33854138-ca93-442e-94bc-ca514ece396f/element/00000000-0000-0043-0000-017800000000/clear [39m[32m200[39m [90m44 ms - 14[39m
[35m[HTTP][39m [90m[39m
[35m[HTTP][39m [37m-->[39m [37mPOST[39m [37m/wd/hub/session/33854138-ca93-442e-94bc-ca514ece396f/element/00000000-0000-0043-0000-017800000000/value[39m
[35m[HTTP][39m [90m{"id":"00000000-0000-0043-0000-017800000000","text":"olivia@gmail.com","value":["o","l","i","v","i","a","@","g","m","a","i","l",".","c","o","m"]}[39m
[35m[HTTP][39m [37m<-- POST /wd/hub/session/33854138-ca93-442e-94bc-ca514ece396f/element/00000000-0000-0043-0000-017800000000/value [39m[32m200[39m [90m94 ms - 14[39m
[35m[HTTP][39m [90m[39m
[35m[HTTP][39m [37m-->[39m [37mGET[39m [37m/wd/hub/session/33854138-ca93-442e-94bc-ca514ece396f/source[39m
[35m[HTTP][39m [90m{}[39m
[35m[W3C (33854138)][39m Driver proxy active, passing request on via HTTP proxy
[35m[WD Proxy][39m Replacing sessionId e2624304-a84c-4886-82ad-b4351ad7d10c with 33854138-ca93-442e-94bc-ca514ece396f
[35m[HTTP][39m [37m<-- GET /wd/hub/session/33854138-ca93-442e-94bc-ca514ece396f/source [39m[32m200[39m [90m368 ms - 6592[39m
[35m[HTTP][39m [90m[39m
[35m[HTTP][39m [37m-->[39m [37mGET[39m [37m/wd/hub/session/33854138-ca93-442e-94bc-ca514ece396f/screenshot[39m
[35m[HTTP][39m [90m{}[39m
[35m[HTTP][39m [37m<-- GET /wd/hub/session/33854138-ca93-442e-94bc-ca514ece396f/screenshot [39m[32m200[39m [90m1049 ms - 235200[39m
[35m[HTTP][39m [90m[39m
[35m[HTTP][39m [37m-->[39m [37mPOST[39m [37m/wd/hub/session/33854138-ca93-442e-94bc-ca514ece396f/elements[39m
[35m[HTTP][39m [90m{"using":"xpath","value":"//*[@class = 'android.widget.EditText' and (@text = 'Password' or . = 'Password') and @resource-id = '']"}[39m
[35m[HTTP][39m [37m<-- POST /wd/hub/session/33854138-ca93-442e-94bc-ca514ece396f/elements [39m[32m200[39m [90m331 ms - 139[39m
[35m[HTTP][39m [90m[39m
[35m[HTTP][39m [37m-->[39m [37mGET[39m [37m/wd/hub/session/33854138-ca93-442e-94bc-ca514ece396f/window/rect[39m
[35m[HTTP][39m [90m{}[39m
[35m[HTTP][39m [37m<-- GET /wd/hub/session/33854138-ca93-442e-94bc-ca514ece396f/window/rect [39m[32m200[39m [90m28 ms - 50[39m
[35m[HTTP][39m [90m[39m
[35m[HTTP][39m [37m-->[39m [37mPOST[39m [37m/wd/hub/session/33854138-ca93-442e-94bc-ca514ece396f/elements[39m
[35m[HTTP][39m [90m{"using":"xpath","value":"//*[@class = 'android.widget.EditText' and (@text = 'Password' or . = 'Password') and @resource-id = '']"}[39m
[35m[HTTP][39m [37m<-- POST /wd/hub/session/33854138-ca93-442e-94bc-ca514ece396f/elements [39m[32m200[39m [90m275 ms - 139[39m
[35m[HTTP][39m [90m[39m
[35m[HTTP][39m [37m-->[39m [37mGET[39m [37m/wd/hub/session/33854138-ca93-442e-94bc-ca514ece396f/element/00000000-0000-0043-0000-017900000000/location[39m
[35m[HTTP][39m [90m{}[39m
[35m[W3C (33854138)][39m Driver proxy active, passing request on via HTTP proxy
[35m[WD Proxy][39m Replacing sessionId e2624304-a84c-4886-82ad-b4351ad7d10c with 33854138-ca93-442e-94bc-ca514ece396f
[35m[HTTP][39m [37m<-- GET /wd/hub/session/33854138-ca93-442e-94bc-ca514ece396f/element/00000000-0000-0043-0000-017900000000/location [39m[32m200[39m [90m28 ms - 77[39m
[35m[HTTP][39m [90m[39m
[35m[HTTP][39m [37m-->[39m [37mPOST[39m [37m/wd/hub/session/33854138-ca93-442e-94bc-ca514ece396f/element/00000000-0000-0043-0000-017900000000/click[39m
[35m[HTTP][39m [90m{"id":"00000000-0000-0043-0000-017900000000"}[39m
[35m[HTTP][39m [37m<-- POST /wd/hub/session/33854138-ca93-442e-94bc-ca514ece396f/element/00000000-0000-0043-0000-017900000000/click [39m[32m200[39m [90m43 ms - 14[39m
[35m[HTTP][39m [90m[39m
[35m[HTTP][39m [37m-->[39m [37mGET[39m [37m/wd/hub/session/33854138-ca93-442e-94bc-ca514ece396f/source[39m
[35m[HTTP][39m [90m{}[39m
[35m[W3C (33854138)][39m Driver proxy active, passing request on via HTTP proxy
[35m[WD Proxy][39m Replacing sessionId e2624304-a84c-4886-82ad-b4351ad7d10c with 33854138-ca93-442e-94bc-ca514ece396f
[35m[HTTP][39m [37m<-- GET /wd/hub/session/33854138-ca93-442e-94bc-ca514ece396f/source [39m[32m200[39m [90m371 ms - 6583[39m
[35m[HTTP][39m [90m[39m
[35m[HTTP][39m [37m-->[39m [37mGET[39m [37m/wd/hub/session/33854138-ca93-442e-94bc-ca514ece396f/screenshot[39m
[35m[HTTP][39m [90m{}[39m
[35m[HTTP][39m [37m<-- GET /wd/hub/session/33854138-ca93-442e-94bc-ca514ece396f/screenshot [39m[32m200[39m [90m1002 ms - 235836[39m
[35m[HTTP][39m [90m[39m
[35m[HTTP][39m [37m-->[39m [37mPOST[39m [37m/wd/hub/session/33854138-ca93-442e-94bc-ca514ece396f/elements[39m
[35m[HTTP][39m [90m{"using":"xpath","value":"//*[@class = 'android.widget.EditText' and (@text = 'Password\n********' or . = 'Password\n********') and @resource-id = '']"}[39m
[35m[HTTP][39m [37m<-- POST /wd/hub/session/33854138-ca93-442e-94bc-ca514ece396f/elements [39m[32m200[39m [90m286 ms - 139[39m
[35m[HTTP][39m [90m[39m
[35m[HTTP][39m [37m-->[39m [37mGET[39m [37m/wd/hub/session/33854138-ca93-442e-94bc-ca514ece396f/window/rect[39m
[35m[HTTP][39m [90m{}[39m
[35m[HTTP][39m [37m<-- GET /wd/hub/session/33854138-ca93-442e-94bc-ca514ece396f/window/rect [39m[32m200[39m [90m43 ms - 50[39m
[35m[HTTP][39m [90m[39m
[35m[HTTP][39m [37m-->[39m [37mPOST[39m [37m/wd/hub/session/33854138-ca93-442e-94bc-ca514ece396f/elements[39m
[35m[HTTP][39m [90m{"using":"xpath","value":"//*[@class = 'android.widget.EditText' and (@text = 'Password\n********' or . = 'Password\n********') and @resource-id = '']"}[39m
[35m[HTTP][39m [37m<-- POST /wd/hub/session/33854138-ca93-442e-94bc-ca514ece396f/elements [39m[32m200[39m [90m230 ms - 139[39m
[35m[HTTP][39m [90m[39m
[35m[HTTP][39m [37m-->[39m [37mGET[39m [37m/wd/hub/session/33854138-ca93-442e-94bc-ca514ece396f/element/00000000-0000-0043-0000-017900000000/location[39m
[35m[HTTP][39m [90m{}[39m
[35m[W3C (33854138)][39m Driver proxy active, passing request on via HTTP proxy
[35m[WD Proxy][39m Replacing sessionId e2624304-a84c-4886-82ad-b4351ad7d10c with 33854138-ca93-442e-94bc-ca514ece396f
[35m[HTTP][39m [37m<-- GET /wd/hub/session/33854138-ca93-442e-94bc-ca514ece396f/element/00000000-0000-0043-0000-017900000000/location [39m[32m200[39m [90m41 ms - 77[39m
[35m[HTTP][39m [90m[39m
[35m[HTTP][39m [37m-->[39m [37mPOST[39m [37m/wd/hub/session/33854138-ca93-442e-94bc-ca514ece396f/element/00000000-0000-0043-0000-017900000000/clear[39m
[35m[HTTP][39m [90m{"id":"00000000-0000-0043-0000-017900000000"}[39m
[35m[HTTP][39m [37m<-- POST /wd/hub/session/33854138-ca93-442e-94bc-ca514ece396f/element/00000000-0000-0043-0000-017900000000/clear [39m[32m200[39m [90m50 ms - 14[39m
[35m[HTTP][39m [90m[39m
[35m[HTTP][39m [37m-->[39m [37mPOST[39m [37m/wd/hub/session/33854138-ca93-442e-94bc-ca514ece396f/element/00000000-0000-0043-0000-017900000000/value[39m
[35m[HTTP][39m [90m{"id":"00000000-0000-0043-0000-017900000000","text":"olivia123","value":["o","l","i","v","i","a","1","2","3"]}[39m
[35m[HTTP][39m [37m<-- POST /wd/hub/session/33854138-ca93-442e-94bc-ca514ece396f/element/00000000-0000-0043-0000-017900000000/value [39m[32m200[39m [90m78 ms - 14[39m
[35m[HTTP][39m [90m[39m
[35m[HTTP][39m [37m-->[39m [37mGET[39m [37m/wd/hub/session/33854138-ca93-442e-94bc-ca514ece396f/source[39m
[35m[HTTP][39m [90m{}[39m
[35m[W3C (33854138)][39m Driver proxy active, passing request on via HTTP proxy
[35m[WD Proxy][39m Replacing sessionId e2624304-a84c-4886-82ad-b4351ad7d10c with 33854138-ca93-442e-94bc-ca514ece396f
[35m[HTTP][39m [37m<-- GET /wd/hub/session/33854138-ca93-442e-94bc-ca514ece396f/source [39m[32m200[39m [90m339 ms - 6612[39m
[35m[HTTP][39m [90m[39m
[35m[HTTP][39m [37m-->[39m [37mGET[39m [37m/wd/hub/session/33854138-ca93-442e-94bc-ca514ece396f/screenshot[39m
[35m[HTTP][39m [90m{}[39m
[35m[HTTP][39m [37m<-- GET /wd/hub/session/33854138-ca93-442e-94bc-ca514ece396f/screenshot [39m[32m200[39m [90m1048 ms - 234182[39m
[35m[HTTP][39m [90m[39m
[35m[HTTP][39m [37m-->[39m [37mGET[39m [37m/wd/hub/session/33854138-ca93-442e-94bc-ca514ece396f/context[39m
[35m[HTTP][39m [90m{}[39m
[35m[HTTP][39m [37m<-- GET /wd/hub/session/33854138-ca93-442e-94bc-ca514ece396f/context [39m[32m200[39m [90m1 ms - 22[39m
[35m[HTTP][39m [90m[39m
[35m[HTTP][39m [37m-->[39m [37mGET[39m [37m/wd/hub/session/33854138-ca93-442e-94bc-ca514ece396f/contexts[39m
[35m[HTTP][39m [90m{}[39m
[35m[HTTP][39m [37m<-- GET /wd/hub/session/33854138-ca93-442e-94bc-ca514ece396f/contexts [39m[32m200[39m [90m88 ms - 24[39m
[35m[HTTP][39m [90m[39m
[35m[HTTP][39m [37m-->[39m [37mPOST[39m [37m/wd/hub/session/33854138-ca93-442e-94bc-ca514ece396f/context[39m
[35m[HTTP][39m [90m{"name":"NATIVE_APP"}[39m
[35m[HTTP][39m [37m<-- POST /wd/hub/session/33854138-ca93-442e-94bc-ca514ece396f/context [39m[32m200[39m [90m2 ms - 14[39m
[35m[HTTP][39m [90m[39m
[35m[HTTP][39m [37m-->[39m [37mPOST[39m [37m/wd/hub/session/33854138-ca93-442e-94bc-ca514ece396f/appium/device/hide_keyboard[39m
[35m[HTTP][39m [90m{}[39m
[35m[HTTP][39m [37m<-- POST /wd/hub/session/33854138-ca93-442e-94bc-ca514ece396f/appium/device/hide_keyboard [39m[32m200[39m [90m1231 ms - 14[39m
[35m[HTTP][39m [90m[39m
[35m[HTTP][39m [37m-->[39m [37mPOST[39m [37m/wd/hub/session/33854138-ca93-442e-94bc-ca514ece396f/context[39m
[35m[HTTP][39m [90m{"name":"NATIVE_APP"}[39m
[35m[HTTP][39m [37m<-- POST /wd/hub/session/33854138-ca93-442e-94bc-ca514ece396f/context [39m[32m200[39m [90m1 ms - 14[39m
[35m[HTTP][39m [90m[39m
[35m[HTTP][39m [37m-->[39m [37mGET[39m [37m/wd/hub/session/33854138-ca93-442e-94bc-ca514ece396f/source[39m
[35m[HTTP][39m [90m{}[39m
[35m[W3C (33854138)][39m Driver proxy active, passing request on via HTTP proxy
[35m[WD Proxy][39m Replacing sessionId e2624304-a84c-4886-82ad-b4351ad7d10c with 33854138-ca93-442e-94bc-ca514ece396f
[35m[HTTP][39m [37m<-- GET /wd/hub/session/33854138-ca93-442e-94bc-ca514ece396f/source [39m[32m200[39m [90m226 ms - 7906[39m
[35m[HTTP][39m [90m[39m
[35m[HTTP][39m [37m-->[39m [37mGET[39m [37m/wd/hub/session/33854138-ca93-442e-94bc-ca514ece396f/screenshot[39m
[35m[HTTP][39m [90m{}[39m
[35m[HTTP][39m [37m<-- GET /wd/hub/session/33854138-ca93-442e-94bc-ca514ece396f/screenshot [39m[32m200[39m [90m983 ms - 160532[39m
[35m[HTTP][39m [90m[39m
[35m[HTTP][39m [37m-->[39m [37mPOST[39m [37m/wd/hub/session/33854138-ca93-442e-94bc-ca514ece396f/elements[39m
[35m[HTTP][39m [90m{"using":"xpath","value":"//*[@class = 'android.widget.Button' and @resource-id = '' and (@text = '' or . = '')]"}[39m
[35m[HTTP][39m [37m<-- POST /wd/hub/session/33854138-ca93-442e-94bc-ca514ece396f/elements [39m[32m200[39m [90m285 ms - 523[39m
[35m[HTTP][39m [90m[39m
[35m[HTTP][39m [37m-->[39m [37mPOST[39m [37m/wd/hub/session/33854138-ca93-442e-94bc-ca514ece396f/elements[39m
[35m[HTTP][39m [90m{"using":"accessibility id","value":"Login"}[39m
[35m[HTTP][39m [37m<-- POST /wd/hub/session/33854138-ca93-442e-94bc-ca514ece396f/elements [39m[32m200[39m [90m48 ms - 139[39m
[35m[HTTP][39m [90m[39m
[35m[HTTP][39m [37m-->[39m [37mGET[39m [37m/wd/hub/session/33854138-ca93-442e-94bc-ca514ece396f/window/rect[39m
[35m[HTTP][39m [90m{}[39m
[35m[HTTP][39m [37m<-- GET /wd/hub/session/33854138-ca93-442e-94bc-ca514ece396f/window/rect [39m[32m200[39m [90m26 ms - 50[39m
[35m[HTTP][39m [90m[39m
[35m[HTTP][39m [37m-->[39m [37mPOST[39m [37m/wd/hub/session/33854138-ca93-442e-94bc-ca514ece396f/elements[39m
[35m[HTTP][39m [90m{"using":"accessibility id","value":"Login"}[39m
[35m[HTTP][39m [37m<-- POST /wd/hub/session/33854138-ca93-442e-94bc-ca514ece396f/elements [39m[32m200[39m [90m57 ms - 139[39m
[35m[HTTP][39m [90m[39m
[35m[HTTP][39m [37m-->[39m [37mGET[39m [37m/wd/hub/session/33854138-ca93-442e-94bc-ca514ece396f/element/00000000-0000-0043-0000-017d00000000/location[39m
[35m[HTTP][39m [90m{}[39m
[35m[W3C (33854138)][39m Driver proxy active, passing request on via HTTP proxy
[35m[WD Proxy][39m Replacing sessionId e2624304-a84c-4886-82ad-b4351ad7d10c with 33854138-ca93-442e-94bc-ca514ece396f
[35m[HTTP][39m [37m<-- GET /wd/hub/session/33854138-ca93-442e-94bc-ca514ece396f/element/00000000-0000-0043-0000-017d00000000/location [39m[32m200[39m [90m28 ms - 77[39m
[35m[HTTP][39m [90m[39m
[35m[HTTP][39m [37m-->[39m [37mPOST[39m [37m/wd/hub/session/33854138-ca93-442e-94bc-ca514ece396f/element/00000000-0000-0043-0000-017d00000000/click[39m
[35m[HTTP][39m [90m{"id":"00000000-0000-0043-0000-017d00000000"}[39m
[35m[HTTP][39m [37m<-- POST /wd/hub/session/33854138-ca93-442e-94bc-ca514ece396f/element/00000000-0000-0043-0000-017d00000000/click [39m[32m200[39m [90m50 ms - 14[39m
[35m[HTTP][39m [90m[39m
[35m[HTTP][39m [37m-->[39m [37mGET[39m [37m/wd/hub/session/33854138-ca93-442e-94bc-ca514ece396f/source[39m
[35m[HTTP][39m [90m{}[39m
[35m[W3C (33854138)][39m Driver proxy active, passing request on via HTTP proxy
[35m[WD Proxy][39m Replacing sessionId e2624304-a84c-4886-82ad-b4351ad7d10c with 33854138-ca93-442e-94bc-ca514ece396f
[35m[HTTP][39m [37m<-- GET /wd/hub/session/33854138-ca93-442e-94bc-ca514ece396f/source [39m[32m200[39m [90m196 ms - 7883[39m
[35m[HTTP][39m [90m[39m
[35m[HTTP][39m [37m-->[39m [37mGET[39m [37m/wd/hub/session/33854138-ca93-442e-94bc-ca514ece396f/screenshot[39m
[35m[HTTP][39m [90m{}[39m
[35m[HTTP][39m [37m<-- GET /wd/hub/session/33854138-ca93-442e-94bc-ca514ece396f/screenshot [39m[32m200[39m [90m1017 ms - 167492[39m
[35m[HTTP][39m [90m[39m
[35m[HTTP][39m [37m-->[39m [37mGET[39m [37m/wd/hub/session/33854138-ca93-442e-94bc-ca514ece396f/source[39m
[35m[HTTP][39m [90m{}[39m
[35m[W3C (33854138)][39m Driver proxy active, passing request on via HTTP proxy
[35m[WD Proxy][39m Replacing sessionId e2624304-a84c-4886-82ad-b4351ad7d10c with 33854138-ca93-442e-94bc-ca514ece396f
[35m[HTTP][39m [37m<-- GET /wd/hub/session/33854138-ca93-442e-94bc-ca514ece396f/source [39m[32m200[39m [90m328 ms - 16367[39m
[35m[HTTP][39m [90m[39m
[35m[HTTP][39m [37m-->[39m [37mGET[39m [37m/wd/hub/session/33854138-ca93-442e-94bc-ca514ece396f/screenshot[39m
[35m[HTTP][39m [90m{}[39m
[35m[HTTP][39m [37m<-- GET /wd/hub/session/33854138-ca93-442e-94bc-ca514ece396f/screenshot [39m[32m200[39m [90m2082 ms - 1352418[39m
[35m[HTTP][39m [90m[39m
[35m[HTTP][39m [37m-->[39m [37mPOST[39m [37m/wd/hub/session/33854138-ca93-442e-94bc-ca514ece396f/elements[39m
[35m[HTTP][39m [90m{"using":"xpath","value":"//*[@class = 'android.view.View' and @resource-id = '' and (@text = '' or . = '')]"}[39m
[35m[HTTP][39m [37m<-- POST /wd/hub/session/33854138-ca93-442e-94bc-ca514ece396f/elements [39m[32m200[39m [90m392 ms - 3083[39m
[35m[HTTP][39m [90m[39m
[35m[HTTP][39m [37m-->[39m [37mPOST[39m [37m/wd/hub/session/33854138-ca93-442e-94bc-ca514ece396f/elements[39m
[35m[HTTP][39m [90m{"using":"accessibility id","value":"Profile\nTab 4 of 4"}[39m
[35m[HTTP][39m [37m<-- POST /wd/hub/session/33854138-ca93-442e-94bc-ca514ece396f/elements [39m[32m200[39m [90m1316 ms - 139[39m
[35m[HTTP][39m [90m[39m
[35m[HTTP][39m [37m-->[39m [37mGET[39m [37m/wd/hub/session/33854138-ca93-442e-94bc-ca514ece396f/window/rect[39m
[35m[HTTP][39m [90m{}[39m
[35m[HTTP][39m [37m<-- GET /wd/hub/session/33854138-ca93-442e-94bc-ca514ece396f/window/rect [39m[32m200[39m [90m21 ms - 50[39m
[35m[HTTP][39m [90m[39m
[35m[HTTP][39m [37m-->[39m [37mPOST[39m [37m/wd/hub/session/33854138-ca93-442e-94bc-ca514ece396f/elements[39m
[35m[HTTP][39m [90m{"using":"accessibility id","value":"Profile\nTab 4 of 4"}[39m
[35m[HTTP][39m [37m<-- POST /wd/hub/session/33854138-ca93-442e-94bc-ca514ece396f/elements [39m[32m200[39m [90m75 ms - 139[39m
[35m[HTTP][39m [90m[39m
[35m[HTTP][39m [37m-->[39m [37mGET[39m [37m/wd/hub/session/33854138-ca93-442e-94bc-ca514ece396f/element/00000000-0000-0043-0000-01a900000000/location[39m
[35m[HTTP][39m [90m{}[39m
[35m[W3C (33854138)][39m Driver proxy active, passing request on via HTTP proxy
[35m[WD Proxy][39m Replacing sessionId e2624304-a84c-4886-82ad-b4351ad7d10c with 33854138-ca93-442e-94bc-ca514ece396f
[35m[HTTP][39m [37m<-- GET /wd/hub/session/33854138-ca93-442e-94bc-ca514ece396f/element/00000000-0000-0043-0000-01a900000000/location [39m[32m200[39m [90m38 ms - 79[39m
[35m[HTTP][39m [90m[39m
[35m[HTTP][39m [37m-->[39m [37mPOST[39m [37m/wd/hub/session/33854138-ca93-442e-94bc-ca514ece396f/element/00000000-0000-0043-0000-01a900000000/click[39m
[35m[HTTP][39m [90m{"id":"00000000-0000-0043-0000-01a900000000"}[39m
[35m[HTTP][39m [37m<-- POST /wd/hub/session/33854138-ca93-442e-94bc-ca514ece396f/element/00000000-0000-0043-0000-01a900000000/click [39m[32m200[39m [90m37 ms - 14[39m
[35m[HTTP][39m [90m[39m
[35m[HTTP][39m [37m-->[39m [37mGET[39m [37m/wd/hub/session/33854138-ca93-442e-94bc-ca514ece396f/source[39m
[35m[HTTP][39m [90m{}[39m
[35m[W3C (33854138)][39m Driver proxy active, passing request on via HTTP proxy
[35m[WD Proxy][39m Replacing sessionId e2624304-a84c-4886-82ad-b4351ad7d10c with 33854138-ca93-442e-94bc-ca514ece396f
[35m[HTTP][39m [37m<-- GET /wd/hub/session/33854138-ca93-442e-94bc-ca514ece396f/source [39m[32m200[39m [90m276 ms - 9950[39m
[35m[HTTP][39m [90m[39m
[35m[HTTP][39m [37m-->[39m [37mGET[39m [37m/wd/hub/session/33854138-ca93-442e-94bc-ca514ece396f/screenshot[39m
[35m[HTTP][39m [90m{}[39m
[35m[HTTP][39m [37m<-- GET /wd/hub/session/33854138-ca93-442e-94bc-ca514ece396f/screenshot [39m[32m200[39m [90m1066 ms - 290206[39m
[35m[HTTP][39m [90m[39m
[35m[HTTP][39m [37m-->[39m [37mDELETE[39m [37m/wd/hub/session/33854138-ca93-442e-94bc-ca514ece396f[39m
[35m[HTTP][39m [90m{}[39m
[35m[Appium][39m Removing session 33854138-ca93-442e-94bc-ca514ece396f from our master session list
[35m[HTTP][39m [37m<-- DELETE /wd/hub/session/33854138-ca93-442e-94bc-ca514ece396f [39m[32m200[39m [90m248 ms - 14[39m
[35m[HTTP][39m [90m[39m
